[2021-07-02 17:41:32] Текст ошибки: syntax error, unexpected fully qualified name "\R" | Файл в котором произошла 
        ошибка: D:\OS\OpenServer\domains\MVC\app\controllers\MainController.php | Строка в которой произошла ошибка: 16
<=======================>
[2021-07-02 17:41:32] Текст ошибки: Undefined variable $errno | Файл в котором произошла 
        ошибка: D:\OS\OpenServer\domains\MVC\public\errors\dev.php | Строка в которой произошла ошибка: 13
<=======================>
[2021-07-02 17:47:23] Текст ошибки: syntax error, unexpected token ";" | Файл в котором произошла 
        ошибка: D:\OS\OpenServer\domains\MVC\app\controllers\MainController.php | Строка в которой произошла ошибка: 15
<=======================>
[2021-07-02 17:47:23] Текст ошибки: Undefined variable $errno | Файл в котором произошла 
        ошибка: D:\OS\OpenServer\domains\MVC\public\errors\dev.php | Строка в которой произошла ошибка: 13
<=======================>
[2021-07-02 17:48:57] Текст ошибки: syntax error, unexpected token ";" | Файл в котором произошла 
        ошибка: D:\OS\OpenServer\domains\MVC\app\controllers\MainController.php | Строка в которой произошла ошибка: 15
<=======================>
[2021-07-02 17:48:57] Текст ошибки: Undefined variable $errno | Файл в котором произошла 
        ошибка: D:\OS\OpenServer\domains\MVC\public\errors\dev.php | Строка в которой произошла ошибка: 13
<=======================>
[2021-07-02 17:48:58] Текст ошибки: syntax error, unexpected token ";" | Файл в котором произошла 
        ошибка: D:\OS\OpenServer\domains\MVC\app\controllers\MainController.php | Строка в которой произошла ошибка: 15
<=======================>
[2021-07-02 17:48:58] Текст ошибки: Undefined variable $errno | Файл в котором произошла 
        ошибка: D:\OS\OpenServer\domains\MVC\public\errors\dev.php | Строка в которой произошла ошибка: 13
<=======================>
[2021-07-02 17:48:59] Текст ошибки: syntax error, unexpected token ";" | Файл в котором произошла 
        ошибка: D:\OS\OpenServer\domains\MVC\app\controllers\MainController.php | Строка в которой произошла ошибка: 15
<=======================>
[2021-07-02 17:48:59] Текст ошибки: Undefined variable $errno | Файл в котором произошла 
        ошибка: D:\OS\OpenServer\domains\MVC\public\errors\dev.php | Строка в которой произошла ошибка: 13
<=======================>
[2021-07-02 17:49:21] Текст ошибки: syntax error, unexpected token ";" | Файл в котором произошла 
        ошибка: D:\OS\OpenServer\domains\MVC\app\controllers\MainController.php | Строка в которой произошла ошибка: 15
<=======================>
[2021-07-02 17:49:21] Текст ошибки: Undefined variable $errno | Файл в котором произошла 
        ошибка: D:\OS\OpenServer\domains\MVC\public\errors\dev.php | Строка в которой произошла ошибка: 13
<=======================>
[2021-07-02 17:49:22] Текст ошибки: syntax error, unexpected token ";" | Файл в котором произошла 
        ошибка: D:\OS\OpenServer\domains\MVC\app\controllers\MainController.php | Строка в которой произошла ошибка: 15
<=======================>
[2021-07-02 17:49:22] Текст ошибки: Undefined variable $errno | Файл в котором произошла 
        ошибка: D:\OS\OpenServer\domains\MVC\public\errors\dev.php | Строка в которой произошла ошибка: 13
<=======================>
[2021-07-02 17:49:23] Текст ошибки: syntax error, unexpected token ";" | Файл в котором произошла 
        ошибка: D:\OS\OpenServer\domains\MVC\app\controllers\MainController.php | Строка в которой произошла ошибка: 15
<=======================>
[2021-07-02 17:49:23] Текст ошибки: Undefined variable $errno | Файл в котором произошла 
        ошибка: D:\OS\OpenServer\domains\MVC\public\errors\dev.php | Строка в которой произошла ошибка: 13
<=======================>
[2021-07-02 17:49:23] Текст ошибки: syntax error, unexpected token ";" | Файл в котором произошла 
        ошибка: D:\OS\OpenServer\domains\MVC\app\controllers\MainController.php | Строка в которой произошла ошибка: 15
<=======================>
[2021-07-02 17:49:23] Текст ошибки: Undefined variable $errno | Файл в котором произошла 
        ошибка: D:\OS\OpenServer\domains\MVC\public\errors\dev.php | Строка в которой произошла ошибка: 13
<=======================>
[2021-07-02 17:49:23] Текст ошибки: syntax error, unexpected token ";" | Файл в котором произошла 
        ошибка: D:\OS\OpenServer\domains\MVC\app\controllers\MainController.php | Строка в которой произошла ошибка: 15
<=======================>
[2021-07-02 17:49:23] Текст ошибки: Undefined variable $errno | Файл в котором произошла 
        ошибка: D:\OS\OpenServer\domains\MVC\public\errors\dev.php | Строка в которой произошла ошибка: 13
<=======================>
[2021-07-02 17:49:23] Текст ошибки: syntax error, unexpected token ";" | Файл в котором произошла 
        ошибка: D:\OS\OpenServer\domains\MVC\app\controllers\MainController.php | Строка в которой произошла ошибка: 15
<=======================>
[2021-07-02 17:49:23] Текст ошибки: Undefined variable $errno | Файл в котором произошла 
        ошибка: D:\OS\OpenServer\domains\MVC\public\errors\dev.php | Строка в которой произошла ошибка: 13
<=======================>
[2021-07-02 17:49:27] Текст ошибки: syntax error, unexpected token ";" | Файл в котором произошла 
        ошибка: D:\OS\OpenServer\domains\MVC\app\controllers\MainController.php | Строка в которой произошла ошибка: 15
<=======================>
[2021-07-02 17:49:27] Текст ошибки: Undefined variable $errno | Файл в котором произошла 
        ошибка: D:\OS\OpenServer\domains\MVC\public\errors\dev.php | Строка в которой произошла ошибка: 13
<=======================>
[2021-07-02 17:49:31] Текст ошибки: syntax error, unexpected token ";" | Файл в котором произошла 
        ошибка: D:\OS\OpenServer\domains\MVC\app\controllers\MainController.php | Строка в которой произошла ошибка: 15
<=======================>
[2021-07-02 17:49:31] Текст ошибки: Undefined variable $errno | Файл в котором произошла 
        ошибка: D:\OS\OpenServer\domains\MVC\public\errors\dev.php | Строка в которой произошла ошибка: 13
<=======================>
[2021-07-02 17:50:20] Текст ошибки: syntax error, unexpected token ";" | Файл в котором произошла 
        ошибка: D:\OS\OpenServer\domains\MVC\app\controllers\MainController.php | Строка в которой произошла ошибка: 15
<=======================>
[2021-07-02 17:50:20] Текст ошибки: Undefined variable $errno | Файл в котором произошла 
        ошибка: D:\OS\OpenServer\domains\MVC\public\errors\dev.php | Строка в которой произошла ошибка: 12
<=======================>
[2021-07-02 17:50:23] Текст ошибки: syntax error, unexpected token ";" | Файл в котором произошла 
        ошибка: D:\OS\OpenServer\domains\MVC\app\controllers\MainController.php | Строка в которой произошла ошибка: 15
<=======================>
[2021-07-02 17:50:23] Текст ошибки: Undefined variable $errno | Файл в котором произошла 
        ошибка: D:\OS\OpenServer\domains\MVC\public\errors\dev.php | Строка в которой произошла ошибка: 12
<=======================>
[2021-07-02 17:50:24] Текст ошибки: syntax error, unexpected token ";" | Файл в котором произошла 
        ошибка: D:\OS\OpenServer\domains\MVC\app\controllers\MainController.php | Строка в которой произошла ошибка: 15
<=======================>
[2021-07-02 17:50:24] Текст ошибки: Undefined variable $errno | Файл в котором произошла 
        ошибка: D:\OS\OpenServer\domains\MVC\public\errors\dev.php | Строка в которой произошла ошибка: 12
<=======================>
[2021-07-02 17:50:25] Текст ошибки: syntax error, unexpected token ";" | Файл в котором произошла 
        ошибка: D:\OS\OpenServer\domains\MVC\app\controllers\MainController.php | Строка в которой произошла ошибка: 15
<=======================>
[2021-07-02 17:50:25] Текст ошибки: Undefined variable $errno | Файл в котором произошла 
        ошибка: D:\OS\OpenServer\domains\MVC\public\errors\dev.php | Строка в которой произошла ошибка: 12
<=======================>
[2021-07-02 17:50:25] Текст ошибки: syntax error, unexpected token ";" | Файл в котором произошла 
        ошибка: D:\OS\OpenServer\domains\MVC\app\controllers\MainController.php | Строка в которой произошла ошибка: 15
<=======================>
[2021-07-02 17:50:25] Текст ошибки: Undefined variable $errno | Файл в котором произошла 
        ошибка: D:\OS\OpenServer\domains\MVC\public\errors\dev.php | Строка в которой произошла ошибка: 12
<=======================>
[2021-07-02 17:50:25] Текст ошибки: syntax error, unexpected token ";" | Файл в котором произошла 
        ошибка: D:\OS\OpenServer\domains\MVC\app\controllers\MainController.php | Строка в которой произошла ошибка: 15
<=======================>
[2021-07-02 17:50:25] Текст ошибки: Undefined variable $errno | Файл в котором произошла 
        ошибка: D:\OS\OpenServer\domains\MVC\public\errors\dev.php | Строка в которой произошла ошибка: 12
<=======================>
[2021-07-02 17:50:25] Текст ошибки: syntax error, unexpected token ";" | Файл в котором произошла 
        ошибка: D:\OS\OpenServer\domains\MVC\app\controllers\MainController.php | Строка в которой произошла ошибка: 15
<=======================>
[2021-07-02 17:50:25] Текст ошибки: Undefined variable $errno | Файл в котором произошла 
        ошибка: D:\OS\OpenServer\domains\MVC\public\errors\dev.php | Строка в которой произошла ошибка: 12
<=======================>
[2021-07-02 17:50:26] Текст ошибки: syntax error, unexpected token ";" | Файл в котором произошла 
        ошибка: D:\OS\OpenServer\domains\MVC\app\controllers\MainController.php | Строка в которой произошла ошибка: 15
<=======================>
[2021-07-02 17:50:26] Текст ошибки: Undefined variable $errno | Файл в котором произошла 
        ошибка: D:\OS\OpenServer\domains\MVC\public\errors\dev.php | Строка в которой произошла ошибка: 12
<=======================>
[2021-07-02 17:50:26] Текст ошибки: syntax error, unexpected token ";" | Файл в котором произошла 
        ошибка: D:\OS\OpenServer\domains\MVC\app\controllers\MainController.php | Строка в которой произошла ошибка: 15
<=======================>
[2021-07-02 17:50:26] Текст ошибки: Undefined variable $errno | Файл в котором произошла 
        ошибка: D:\OS\OpenServer\domains\MVC\public\errors\dev.php | Строка в которой произошла ошибка: 12
<=======================>
[2021-07-02 17:50:27] Текст ошибки: syntax error, unexpected token ";" | Файл в котором произошла 
        ошибка: D:\OS\OpenServer\domains\MVC\app\controllers\MainController.php | Строка в которой произошла ошибка: 15
<=======================>
[2021-07-02 17:50:27] Текст ошибки: Undefined variable $errno | Файл в котором произошла 
        ошибка: D:\OS\OpenServer\domains\MVC\public\errors\dev.php | Строка в которой произошла ошибка: 12
<=======================>
[2021-07-02 17:50:27] Текст ошибки: syntax error, unexpected token ";" | Файл в котором произошла 
        ошибка: D:\OS\OpenServer\domains\MVC\app\controllers\MainController.php | Строка в которой произошла ошибка: 15
<=======================>
[2021-07-02 17:50:27] Текст ошибки: Undefined variable $errno | Файл в котором произошла 
        ошибка: D:\OS\OpenServer\domains\MVC\public\errors\dev.php | Строка в которой произошла ошибка: 12
<=======================>
[2021-07-02 17:50:27] Текст ошибки: syntax error, unexpected token ";" | Файл в котором произошла 
        ошибка: D:\OS\OpenServer\domains\MVC\app\controllers\MainController.php | Строка в которой произошла ошибка: 15
<=======================>
[2021-07-02 17:50:27] Текст ошибки: Undefined variable $errno | Файл в котором произошла 
        ошибка: D:\OS\OpenServer\domains\MVC\public\errors\dev.php | Строка в которой произошла ошибка: 12
<=======================>
[2021-07-02 17:50:27] Текст ошибки: syntax error, unexpected token ";" | Файл в котором произошла 
        ошибка: D:\OS\OpenServer\domains\MVC\app\controllers\MainController.php | Строка в которой произошла ошибка: 15
<=======================>
[2021-07-02 17:50:27] Текст ошибки: Undefined variable $errno | Файл в котором произошла 
        ошибка: D:\OS\OpenServer\domains\MVC\public\errors\dev.php | Строка в которой произошла ошибка: 12
<=======================>
[2021-07-02 17:50:28] Текст ошибки: syntax error, unexpected token ";" | Файл в котором произошла 
        ошибка: D:\OS\OpenServer\domains\MVC\app\controllers\MainController.php | Строка в которой произошла ошибка: 15
<=======================>
[2021-07-02 17:50:28] Текст ошибки: Undefined variable $errno | Файл в котором произошла 
        ошибка: D:\OS\OpenServer\domains\MVC\public\errors\dev.php | Строка в которой произошла ошибка: 12
<=======================>
[2021-07-02 17:50:28] Текст ошибки: syntax error, unexpected token ";" | Файл в котором произошла 
        ошибка: D:\OS\OpenServer\domains\MVC\app\controllers\MainController.php | Строка в которой произошла ошибка: 15
<=======================>
[2021-07-02 17:50:28] Текст ошибки: Undefined variable $errno | Файл в котором произошла 
        ошибка: D:\OS\OpenServer\domains\MVC\public\errors\dev.php | Строка в которой произошла ошибка: 12
<=======================>
[2021-07-02 17:50:28] Текст ошибки: syntax error, unexpected token ";" | Файл в котором произошла 
        ошибка: D:\OS\OpenServer\domains\MVC\app\controllers\MainController.php | Строка в которой произошла ошибка: 15
<=======================>
[2021-07-02 17:50:28] Текст ошибки: Undefined variable $errno | Файл в котором произошла 
        ошибка: D:\OS\OpenServer\domains\MVC\public\errors\dev.php | Строка в которой произошла ошибка: 12
<=======================>
[2021-07-02 17:51:11] Текст ошибки: syntax error, unexpected token ";" | Файл в котором произошла 
        ошибка: D:\OS\OpenServer\domains\MVC\app\controllers\MainController.php | Строка в которой произошла ошибка: 15
<=======================>
[2021-07-02 17:51:11] Текст ошибки: Undefined variable $errno | Файл в котором произошла 
        ошибка: D:\OS\OpenServer\domains\MVC\public\errors\dev.php | Строка в которой произошла ошибка: 12
<=======================>
[2021-07-02 17:51:12] Текст ошибки: syntax error, unexpected token ";" | Файл в котором произошла 
        ошибка: D:\OS\OpenServer\domains\MVC\app\controllers\MainController.php | Строка в которой произошла ошибка: 15
<=======================>
[2021-07-02 17:51:12] Текст ошибки: Undefined variable $errno | Файл в котором произошла 
        ошибка: D:\OS\OpenServer\domains\MVC\public\errors\dev.php | Строка в которой произошла ошибка: 12
<=======================>
[2021-07-02 17:51:12] Текст ошибки: syntax error, unexpected token ";" | Файл в котором произошла 
        ошибка: D:\OS\OpenServer\domains\MVC\app\controllers\MainController.php | Строка в которой произошла ошибка: 15
<=======================>
[2021-07-02 17:51:12] Текст ошибки: Undefined variable $errno | Файл в котором произошла 
        ошибка: D:\OS\OpenServer\domains\MVC\public\errors\dev.php | Строка в которой произошла ошибка: 12
<=======================>
[2021-07-02 17:51:13] Текст ошибки: syntax error, unexpected token ";" | Файл в котором произошла 
        ошибка: D:\OS\OpenServer\domains\MVC\app\controllers\MainController.php | Строка в которой произошла ошибка: 15
<=======================>
[2021-07-02 17:51:13] Текст ошибки: Undefined variable $errno | Файл в котором произошла 
        ошибка: D:\OS\OpenServer\domains\MVC\public\errors\dev.php | Строка в которой произошла ошибка: 12
<=======================>
[2021-07-02 17:51:13] Текст ошибки: syntax error, unexpected token ";" | Файл в котором произошла 
        ошибка: D:\OS\OpenServer\domains\MVC\app\controllers\MainController.php | Строка в которой произошла ошибка: 15
<=======================>
[2021-07-02 17:51:13] Текст ошибки: Undefined variable $errno | Файл в котором произошла 
        ошибка: D:\OS\OpenServer\domains\MVC\public\errors\dev.php | Строка в которой произошла ошибка: 12
<=======================>
[2021-07-02 17:51:14] Текст ошибки: syntax error, unexpected token ";" | Файл в котором произошла 
        ошибка: D:\OS\OpenServer\domains\MVC\app\controllers\MainController.php | Строка в которой произошла ошибка: 15
<=======================>
[2021-07-02 17:51:14] Текст ошибки: Undefined variable $errno | Файл в котором произошла 
        ошибка: D:\OS\OpenServer\domains\MVC\public\errors\dev.php | Строка в которой произошла ошибка: 12
<=======================>
[2021-07-02 17:51:14] Текст ошибки: syntax error, unexpected token ";" | Файл в котором произошла 
        ошибка: D:\OS\OpenServer\domains\MVC\app\controllers\MainController.php | Строка в которой произошла ошибка: 15
<=======================>
[2021-07-02 17:51:14] Текст ошибки: Undefined variable $errno | Файл в котором произошла 
        ошибка: D:\OS\OpenServer\domains\MVC\public\errors\dev.php | Строка в которой произошла ошибка: 12
<=======================>
[2021-07-02 17:51:14] Текст ошибки: syntax error, unexpected token ";" | Файл в котором произошла 
        ошибка: D:\OS\OpenServer\domains\MVC\app\controllers\MainController.php | Строка в которой произошла ошибка: 15
<=======================>
[2021-07-02 17:51:14] Текст ошибки: Undefined variable $errno | Файл в котором произошла 
        ошибка: D:\OS\OpenServer\domains\MVC\public\errors\dev.php | Строка в которой произошла ошибка: 12
<=======================>
[2021-07-02 17:51:14] Текст ошибки: syntax error, unexpected token ";" | Файл в котором произошла 
        ошибка: D:\OS\OpenServer\domains\MVC\app\controllers\MainController.php | Строка в которой произошла ошибка: 15
<=======================>
[2021-07-02 17:51:14] Текст ошибки: Undefined variable $errno | Файл в котором произошла 
        ошибка: D:\OS\OpenServer\domains\MVC\public\errors\dev.php | Строка в которой произошла ошибка: 12
<=======================>
[2021-07-02 17:51:15] Текст ошибки: syntax error, unexpected token ";" | Файл в котором произошла 
        ошибка: D:\OS\OpenServer\domains\MVC\app\controllers\MainController.php | Строка в которой произошла ошибка: 15
<=======================>
[2021-07-02 17:51:15] Текст ошибки: Undefined variable $errno | Файл в котором произошла 
        ошибка: D:\OS\OpenServer\domains\MVC\public\errors\dev.php | Строка в которой произошла ошибка: 12
<=======================>
[2021-07-02 17:51:15] Текст ошибки: syntax error, unexpected token ";" | Файл в котором произошла 
        ошибка: D:\OS\OpenServer\domains\MVC\app\controllers\MainController.php | Строка в которой произошла ошибка: 15
<=======================>
[2021-07-02 17:51:15] Текст ошибки: Undefined variable $errno | Файл в котором произошла 
        ошибка: D:\OS\OpenServer\domains\MVC\public\errors\dev.php | Строка в которой произошла ошибка: 12
<=======================>
[2021-07-02 17:51:15] Текст ошибки: syntax error, unexpected token ";" | Файл в котором произошла 
        ошибка: D:\OS\OpenServer\domains\MVC\app\controllers\MainController.php | Строка в которой произошла ошибка: 15
<=======================>
[2021-07-02 17:51:15] Текст ошибки: Undefined variable $errno | Файл в котором произошла 
        ошибка: D:\OS\OpenServer\domains\MVC\public\errors\dev.php | Строка в которой произошла ошибка: 12
<=======================>
[2021-07-02 17:53:18] Текст ошибки: syntax error, unexpected token ";" | Файл в котором произошла 
        ошибка: D:\OS\OpenServer\domains\MVC\app\controllers\MainController.php | Строка в которой произошла ошибка: 15
<=======================>
[2021-07-02 17:53:18] Текст ошибки: Undefined variable $errno | Файл в котором произошла 
        ошибка: D:\OS\OpenServer\domains\MVC\public\errors\dev.php | Строка в которой произошла ошибка: 12
<=======================>
[2021-07-02 17:53:19] Текст ошибки: syntax error, unexpected token ";" | Файл в котором произошла 
        ошибка: D:\OS\OpenServer\domains\MVC\app\controllers\MainController.php | Строка в которой произошла ошибка: 15
<=======================>
[2021-07-02 17:53:19] Текст ошибки: Undefined variable $errno | Файл в котором произошла 
        ошибка: D:\OS\OpenServer\domains\MVC\public\errors\dev.php | Строка в которой произошла ошибка: 12
<=======================>
[2021-07-02 17:53:19] Текст ошибки: syntax error, unexpected token ";" | Файл в котором произошла 
        ошибка: D:\OS\OpenServer\domains\MVC\app\controllers\MainController.php | Строка в которой произошла ошибка: 15
<=======================>
[2021-07-02 17:53:19] Текст ошибки: Undefined variable $errno | Файл в котором произошла 
        ошибка: D:\OS\OpenServer\domains\MVC\public\errors\dev.php | Строка в которой произошла ошибка: 12
<=======================>
[2021-07-02 17:53:20] Текст ошибки: syntax error, unexpected token ";" | Файл в котором произошла 
        ошибка: D:\OS\OpenServer\domains\MVC\app\controllers\MainController.php | Строка в которой произошла ошибка: 15
<=======================>
[2021-07-02 17:53:20] Текст ошибки: Undefined variable $errno | Файл в котором произошла 
        ошибка: D:\OS\OpenServer\domains\MVC\public\errors\dev.php | Строка в которой произошла ошибка: 12
<=======================>
[2021-07-02 17:53:20] Текст ошибки: syntax error, unexpected token ";" | Файл в котором произошла 
        ошибка: D:\OS\OpenServer\domains\MVC\app\controllers\MainController.php | Строка в которой произошла ошибка: 15
<=======================>
[2021-07-02 17:53:20] Текст ошибки: Undefined variable $errno | Файл в котором произошла 
        ошибка: D:\OS\OpenServer\domains\MVC\public\errors\dev.php | Строка в которой произошла ошибка: 12
<=======================>
[2021-07-02 17:53:21] Текст ошибки: syntax error, unexpected token ";" | Файл в котором произошла 
        ошибка: D:\OS\OpenServer\domains\MVC\app\controllers\MainController.php | Строка в которой произошла ошибка: 15
<=======================>
[2021-07-02 17:53:21] Текст ошибки: Undefined variable $errno | Файл в котором произошла 
        ошибка: D:\OS\OpenServer\domains\MVC\public\errors\dev.php | Строка в которой произошла ошибка: 12
<=======================>
[2021-07-02 17:53:21] Текст ошибки: syntax error, unexpected token ";" | Файл в котором произошла 
        ошибка: D:\OS\OpenServer\domains\MVC\app\controllers\MainController.php | Строка в которой произошла ошибка: 15
<=======================>
[2021-07-02 17:53:21] Текст ошибки: Undefined variable $errno | Файл в котором произошла 
        ошибка: D:\OS\OpenServer\domains\MVC\public\errors\dev.php | Строка в которой произошла ошибка: 12
<=======================>
[2021-07-02 17:53:21] Текст ошибки: syntax error, unexpected token ";" | Файл в котором произошла 
        ошибка: D:\OS\OpenServer\domains\MVC\app\controllers\MainController.php | Строка в которой произошла ошибка: 15
<=======================>
[2021-07-02 17:53:21] Текст ошибки: Undefined variable $errno | Файл в котором произошла 
        ошибка: D:\OS\OpenServer\domains\MVC\public\errors\dev.php | Строка в которой произошла ошибка: 12
<=======================>
[2021-07-02 17:53:22] Текст ошибки: syntax error, unexpected token ";" | Файл в котором произошла 
        ошибка: D:\OS\OpenServer\domains\MVC\app\controllers\MainController.php | Строка в которой произошла ошибка: 15
<=======================>
[2021-07-02 17:53:22] Текст ошибки: Undefined variable $errno | Файл в котором произошла 
        ошибка: D:\OS\OpenServer\domains\MVC\public\errors\dev.php | Строка в которой произошла ошибка: 12
<=======================>
[2021-07-02 17:53:22] Текст ошибки: syntax error, unexpected token ";" | Файл в котором произошла 
        ошибка: D:\OS\OpenServer\domains\MVC\app\controllers\MainController.php | Строка в которой произошла ошибка: 15
<=======================>
[2021-07-02 17:53:22] Текст ошибки: Undefined variable $errno | Файл в котором произошла 
        ошибка: D:\OS\OpenServer\domains\MVC\public\errors\dev.php | Строка в которой произошла ошибка: 12
<=======================>
[2021-07-02 17:53:22] Текст ошибки: syntax error, unexpected token ";" | Файл в котором произошла 
        ошибка: D:\OS\OpenServer\domains\MVC\app\controllers\MainController.php | Строка в которой произошла ошибка: 15
<=======================>
[2021-07-02 17:53:22] Текст ошибки: Undefined variable $errno | Файл в котором произошла 
        ошибка: D:\OS\OpenServer\domains\MVC\public\errors\dev.php | Строка в которой произошла ошибка: 12
<=======================>
[2021-07-02 17:53:22] Текст ошибки: syntax error, unexpected token ";" | Файл в котором произошла 
        ошибка: D:\OS\OpenServer\domains\MVC\app\controllers\MainController.php | Строка в которой произошла ошибка: 15
<=======================>
[2021-07-02 17:53:22] Текст ошибки: Undefined variable $errno | Файл в котором произошла 
        ошибка: D:\OS\OpenServer\domains\MVC\public\errors\dev.php | Строка в которой произошла ошибка: 12
<=======================>
[2021-07-02 17:53:22] Текст ошибки: syntax error, unexpected token ";" | Файл в котором произошла 
        ошибка: D:\OS\OpenServer\domains\MVC\app\controllers\MainController.php | Строка в которой произошла ошибка: 15
<=======================>
[2021-07-02 17:53:22] Текст ошибки: Undefined variable $errno | Файл в котором произошла 
        ошибка: D:\OS\OpenServer\domains\MVC\public\errors\dev.php | Строка в которой произошла ошибка: 12
<=======================>
[2021-07-02 17:53:23] Текст ошибки: syntax error, unexpected token ";" | Файл в котором произошла 
        ошибка: D:\OS\OpenServer\domains\MVC\app\controllers\MainController.php | Строка в которой произошла ошибка: 15
<=======================>
[2021-07-02 17:53:23] Текст ошибки: Undefined variable $errno | Файл в котором произошла 
        ошибка: D:\OS\OpenServer\domains\MVC\public\errors\dev.php | Строка в которой произошла ошибка: 12
<=======================>
[2021-07-02 17:53:24] Текст ошибки: syntax error, unexpected token ";" | Файл в котором произошла 
        ошибка: D:\OS\OpenServer\domains\MVC\app\controllers\MainController.php | Строка в которой произошла ошибка: 15
<=======================>
[2021-07-02 17:53:24] Текст ошибки: Undefined variable $errno | Файл в котором произошла 
        ошибка: D:\OS\OpenServer\domains\MVC\public\errors\dev.php | Строка в которой произошла ошибка: 12
<=======================>
[2021-07-02 17:53:24] Текст ошибки: syntax error, unexpected token ";" | Файл в котором произошла 
        ошибка: D:\OS\OpenServer\domains\MVC\app\controllers\MainController.php | Строка в которой произошла ошибка: 15
<=======================>
[2021-07-02 17:53:24] Текст ошибки: Undefined variable $errno | Файл в котором произошла 
        ошибка: D:\OS\OpenServer\domains\MVC\public\errors\dev.php | Строка в которой произошла ошибка: 12
<=======================>
[2021-07-02 17:53:25] Текст ошибки: syntax error, unexpected token ";" | Файл в котором произошла 
        ошибка: D:\OS\OpenServer\domains\MVC\app\controllers\MainController.php | Строка в которой произошла ошибка: 15
<=======================>
[2021-07-02 17:53:25] Текст ошибки: Undefined variable $errno | Файл в котором произошла 
        ошибка: D:\OS\OpenServer\domains\MVC\public\errors\dev.php | Строка в которой произошла ошибка: 12
<=======================>
[2021-07-02 17:53:25] Текст ошибки: syntax error, unexpected token ";" | Файл в котором произошла 
        ошибка: D:\OS\OpenServer\domains\MVC\app\controllers\MainController.php | Строка в которой произошла ошибка: 15
<=======================>
[2021-07-02 17:53:25] Текст ошибки: Undefined variable $errno | Файл в котором произошла 
        ошибка: D:\OS\OpenServer\domains\MVC\public\errors\dev.php | Строка в которой произошла ошибка: 12
<=======================>
[2021-07-02 17:53:26] Текст ошибки: syntax error, unexpected token ";" | Файл в котором произошла 
        ошибка: D:\OS\OpenServer\domains\MVC\app\controllers\MainController.php | Строка в которой произошла ошибка: 15
<=======================>
[2021-07-02 17:53:26] Текст ошибки: Undefined variable $errno | Файл в котором произошла 
        ошибка: D:\OS\OpenServer\domains\MVC\public\errors\dev.php | Строка в которой произошла ошибка: 12
<=======================>
[2021-07-02 17:53:26] Текст ошибки: syntax error, unexpected token ";" | Файл в котором произошла 
        ошибка: D:\OS\OpenServer\domains\MVC\app\controllers\MainController.php | Строка в которой произошла ошибка: 15
<=======================>
[2021-07-02 17:53:26] Текст ошибки: Undefined variable $errno | Файл в котором произошла 
        ошибка: D:\OS\OpenServer\domains\MVC\public\errors\dev.php | Строка в которой произошла ошибка: 12
<=======================>
[2021-07-02 17:53:27] Текст ошибки: syntax error, unexpected token ";" | Файл в котором произошла 
        ошибка: D:\OS\OpenServer\domains\MVC\app\controllers\MainController.php | Строка в которой произошла ошибка: 15
<=======================>
[2021-07-02 17:53:27] Текст ошибки: Undefined variable $errno | Файл в котором произошла 
        ошибка: D:\OS\OpenServer\domains\MVC\public\errors\dev.php | Строка в которой произошла ошибка: 12
<=======================>
[2021-07-02 17:53:27] Текст ошибки: syntax error, unexpected token ";" | Файл в котором произошла 
        ошибка: D:\OS\OpenServer\domains\MVC\app\controllers\MainController.php | Строка в которой произошла ошибка: 15
<=======================>
[2021-07-02 17:53:27] Текст ошибки: Undefined variable $errno | Файл в котором произошла 
        ошибка: D:\OS\OpenServer\domains\MVC\public\errors\dev.php | Строка в которой произошла ошибка: 12
<=======================>
[2021-07-02 17:53:28] Текст ошибки: syntax error, unexpected token ";" | Файл в котором произошла 
        ошибка: D:\OS\OpenServer\domains\MVC\app\controllers\MainController.php | Строка в которой произошла ошибка: 15
<=======================>
[2021-07-02 17:53:28] Текст ошибки: Undefined variable $errno | Файл в котором произошла 
        ошибка: D:\OS\OpenServer\domains\MVC\public\errors\dev.php | Строка в которой произошла ошибка: 12
<=======================>
[2021-07-02 17:53:28] Текст ошибки: syntax error, unexpected token ";" | Файл в котором произошла 
        ошибка: D:\OS\OpenServer\domains\MVC\app\controllers\MainController.php | Строка в которой произошла ошибка: 15
<=======================>
[2021-07-02 17:53:28] Текст ошибки: Undefined variable $errno | Файл в котором произошла 
        ошибка: D:\OS\OpenServer\domains\MVC\public\errors\dev.php | Строка в которой произошла ошибка: 12
<=======================>
[2021-07-02 17:54:00] Текст ошибки: syntax error, unexpected token ";" | Файл в котором произошла 
        ошибка: D:\OS\OpenServer\domains\MVC\app\controllers\MainController.php | Строка в которой произошла ошибка: 15
<=======================>
[2021-07-02 17:54:00] Текст ошибки: Undefined variable $errno | Файл в котором произошла 
        ошибка: D:\OS\OpenServer\domains\MVC\public\errors\dev.php | Строка в которой произошла ошибка: 12
<=======================>
[2021-07-02 17:54:02] Текст ошибки: syntax error, unexpected token ";" | Файл в котором произошла 
        ошибка: D:\OS\OpenServer\domains\MVC\app\controllers\MainController.php | Строка в которой произошла ошибка: 15
<=======================>
[2021-07-02 17:54:02] Текст ошибки: Undefined variable $errno | Файл в котором произошла 
        ошибка: D:\OS\OpenServer\domains\MVC\public\errors\dev.php | Строка в которой произошла ошибка: 12
<=======================>
[2021-07-02 17:54:03] Текст ошибки: syntax error, unexpected token ";" | Файл в котором произошла 
        ошибка: D:\OS\OpenServer\domains\MVC\app\controllers\MainController.php | Строка в которой произошла ошибка: 15
<=======================>
[2021-07-02 17:54:03] Текст ошибки: Undefined variable $errno | Файл в котором произошла 
        ошибка: D:\OS\OpenServer\domains\MVC\public\errors\dev.php | Строка в которой произошла ошибка: 12
<=======================>
[2021-07-02 17:54:03] Текст ошибки: syntax error, unexpected token ";" | Файл в котором произошла 
        ошибка: D:\OS\OpenServer\domains\MVC\app\controllers\MainController.php | Строка в которой произошла ошибка: 15
<=======================>
[2021-07-02 17:54:03] Текст ошибки: Undefined variable $errno | Файл в котором произошла 
        ошибка: D:\OS\OpenServer\domains\MVC\public\errors\dev.php | Строка в которой произошла ошибка: 12
<=======================>
[2021-07-02 17:54:03] Текст ошибки: syntax error, unexpected token ";" | Файл в котором произошла 
        ошибка: D:\OS\OpenServer\domains\MVC\app\controllers\MainController.php | Строка в которой произошла ошибка: 15
<=======================>
[2021-07-02 17:54:03] Текст ошибки: Undefined variable $errno | Файл в котором произошла 
        ошибка: D:\OS\OpenServer\domains\MVC\public\errors\dev.php | Строка в которой произошла ошибка: 12
<=======================>
[2021-07-02 17:54:04] Текст ошибки: syntax error, unexpected token ";" | Файл в котором произошла 
        ошибка: D:\OS\OpenServer\domains\MVC\app\controllers\MainController.php | Строка в которой произошла ошибка: 15
<=======================>
[2021-07-02 17:54:04] Текст ошибки: Undefined variable $errno | Файл в котором произошла 
        ошибка: D:\OS\OpenServer\domains\MVC\public\errors\dev.php | Строка в которой произошла ошибка: 12
<=======================>
[2021-07-02 17:54:04] Текст ошибки: syntax error, unexpected token ";" | Файл в котором произошла 
        ошибка: D:\OS\OpenServer\domains\MVC\app\controllers\MainController.php | Строка в которой произошла ошибка: 15
<=======================>
[2021-07-02 17:54:04] Текст ошибки: Undefined variable $errno | Файл в котором произошла 
        ошибка: D:\OS\OpenServer\domains\MVC\public\errors\dev.php | Строка в которой произошла ошибка: 12
<=======================>
[2021-07-02 17:54:06] Текст ошибки: syntax error, unexpected token ";" | Файл в котором произошла 
        ошибка: D:\OS\OpenServer\domains\MVC\app\controllers\MainController.php | Строка в которой произошла ошибка: 15
<=======================>
[2021-07-02 17:54:06] Текст ошибки: Undefined variable $errno | Файл в котором произошла 
        ошибка: D:\OS\OpenServer\domains\MVC\public\errors\dev.php | Строка в которой произошла ошибка: 12
<=======================>
[2021-07-02 17:54:07] Текст ошибки: syntax error, unexpected token ";" | Файл в котором произошла 
        ошибка: D:\OS\OpenServer\domains\MVC\app\controllers\MainController.php | Строка в которой произошла ошибка: 15
<=======================>
[2021-07-02 17:54:07] Текст ошибки: Undefined variable $errno | Файл в котором произошла 
        ошибка: D:\OS\OpenServer\domains\MVC\public\errors\dev.php | Строка в которой произошла ошибка: 12
<=======================>
[2021-07-02 17:54:07] Текст ошибки: syntax error, unexpected token ";" | Файл в котором произошла 
        ошибка: D:\OS\OpenServer\domains\MVC\app\controllers\MainController.php | Строка в которой произошла ошибка: 15
<=======================>
[2021-07-02 17:54:07] Текст ошибки: Undefined variable $errno | Файл в котором произошла 
        ошибка: D:\OS\OpenServer\domains\MVC\public\errors\dev.php | Строка в которой произошла ошибка: 12
<=======================>
[2021-07-02 17:54:09] Текст ошибки: syntax error, unexpected token ";" | Файл в котором произошла 
        ошибка: D:\OS\OpenServer\domains\MVC\app\controllers\MainController.php | Строка в которой произошла ошибка: 15
<=======================>
[2021-07-02 17:54:09] Текст ошибки: Undefined variable $errno | Файл в котором произошла 
        ошибка: D:\OS\OpenServer\domains\MVC\public\errors\dev.php | Строка в которой произошла ошибка: 12
<=======================>
[2021-07-02 17:55:03] Текст ошибки: Undefined variable $anton | Файл в котором произошла 
        ошибка: D:\OS\OpenServer\domains\MVC\app\controllers\MainController.php | Строка в которой произошла ошибка: 16
<=======================>
[2021-07-02 17:55:05] Текст ошибки: Undefined variable $anton | Файл в котором произошла 
        ошибка: D:\OS\OpenServer\domains\MVC\app\controllers\MainController.php | Строка в которой произошла ошибка: 16
<=======================>
[2021-07-02 17:55:06] Текст ошибки: Undefined variable $anton | Файл в котором произошла 
        ошибка: D:\OS\OpenServer\domains\MVC\app\controllers\MainController.php | Строка в которой произошла ошибка: 16
<=======================>
[2021-07-02 17:55:41] Текст ошибки: Undefined variable $anton | Файл в котором произошла 
        ошибка: D:\OS\OpenServer\domains\MVC\app\controllers\MainController.php | Строка в которой произошла ошибка: 16
<=======================>
[2021-07-02 17:55:42] Текст ошибки: Undefined variable $anton | Файл в котором произошла 
        ошибка: D:\OS\OpenServer\domains\MVC\app\controllers\MainController.php | Строка в которой произошла ошибка: 16
<=======================>
[2021-07-02 17:55:43] Текст ошибки: Undefined variable $anton | Файл в котором произошла 
        ошибка: D:\OS\OpenServer\domains\MVC\app\controllers\MainController.php | Строка в которой произошла ошибка: 16
<=======================>
[2021-07-02 17:55:48] Текст ошибки: Undefined variable $anton | Файл в котором произошла 
        ошибка: D:\OS\OpenServer\domains\MVC\app\controllers\MainController.php | Строка в которой произошла ошибка: 16
<=======================>
[2021-07-02 17:56:02] Текст ошибки: syntax error, unexpected fully qualified name "\R", expecting "," or ";" | Файл в котором произошла 
        ошибка: D:\OS\OpenServer\domains\MVC\app\controllers\MainController.php | Строка в которой произошла ошибка: 17
<=======================>
[2021-07-02 17:56:02] Текст ошибки: Undefined variable $errno | Файл в котором произошла 
        ошибка: D:\OS\OpenServer\domains\MVC\public\errors\dev.php | Строка в которой произошла ошибка: 12
<=======================>
[2021-07-02 17:57:02] Текст ошибки: syntax error, unexpected fully qualified name "\R", expecting "," or ";" | Файл в котором произошла 
        ошибка: D:\OS\OpenServer\domains\MVC\app\controllers\MainController.php | Строка в которой произошла ошибка: 17
<=======================>
[2021-07-02 18:29:30] Текст ошибки: Page not found | Файл в котором произошла 
        ошибка: D:\OS\OpenServer\domains\MVC\core\Router.php | Строка в которой произошла ошибка: 107
<=======================>
[2021-07-02 18:30:49] Текст ошибки: Page not found | Файл в котором произошла 
        ошибка: D:\OS\OpenServer\domains\MVC\core\Router.php | Строка в которой произошла ошибка: 107
<=======================>
[2021-07-02 18:30:50] Текст ошибки: Page not found | Файл в котором произошла 
        ошибка: D:\OS\OpenServer\domains\MVC\core\Router.php | Строка в которой произошла ошибка: 107
<=======================>
[2021-07-02 18:30:50] Текст ошибки: Page not found | Файл в котором произошла 
        ошибка: D:\OS\OpenServer\domains\MVC\core\Router.php | Строка в которой произошла ошибка: 107
<=======================>
[2021-07-02 18:30:51] Текст ошибки: Page not found | Файл в котором произошла 
        ошибка: D:\OS\OpenServer\domains\MVC\core\Router.php | Строка в которой произошла ошибка: 107
<=======================>
[2021-07-02 18:30:52] Текст ошибки: Page not found | Файл в котором произошла 
        ошибка: D:\OS\OpenServer\domains\MVC\core\Router.php | Строка в которой произошла ошибка: 107
<=======================>
[2021-07-03 17:18:03] Текст ошибки: Undefined variable $post | Файл в котором произошла 
        ошибка: D:\OS\OpenServer\domains\MVC\app\views\Main\test.php | Строка в которой произошла ошибка: 2
<=======================>
[2021-07-03 17:26:16] Текст ошибки: Undefined variable $post | Файл в котором произошла 
        ошибка: D:\OS\OpenServer\domains\MVC\app\views\Main\test.php | Строка в которой произошла ошибка: 2
<=======================>
[2021-07-03 17:26:23] Текст ошибки: Undefined variable $post | Файл в котором произошла 
        ошибка: D:\OS\OpenServer\domains\MVC\app\views\Main\test.php | Строка в которой произошла ошибка: 2
<=======================>
[2021-07-03 17:29:47] Текст ошибки: Page not found | Файл в котором произошла 
        ошибка: D:\OS\OpenServer\domains\MVC\core\Router.php | Строка в которой произошла ошибка: 107
<=======================>
[2021-07-03 20:47:17] Текст ошибки: Undefined variable $post | Файл в котором произошла 
        ошибка: D:\OS\OpenServer\domains\MVC\app\views\Main\test.php | Строка в которой произошла ошибка: 2
<=======================>
[2021-07-03 20:47:27] Текст ошибки: Page not found | Файл в котором произошла 
        ошибка: D:\OS\OpenServer\domains\MVC\core\Router.php | Строка в которой произошла ошибка: 107
<=======================>
[2021-07-03 22:34:09] Текст ошибки: Undefined variable $post | Файл в котором произошла 
        ошибка: D:\OS\OpenServer\domains\MVC\app\views\Main\test.php | Строка в которой произошла ошибка: 2
<=======================>
[2021-07-03 22:35:56] Текст ошибки: Undefined variable $posts | Файл в котором произошла 
        ошибка: D:\OS\OpenServer\domains\MVC\app\views\Main\test.php | Строка в которой произошла ошибка: 2
<=======================>
[2021-07-03 22:35:57] Текст ошибки: Undefined variable $posts | Файл в котором произошла 
        ошибка: D:\OS\OpenServer\domains\MVC\app\views\Main\test.php | Строка в которой произошла ошибка: 2
<=======================>
[2021-07-03 22:36:00] Текст ошибки: Undefined variable $posts | Файл в котором произошла 
        ошибка: D:\OS\OpenServer\domains\MVC\app\views\Main\test.php | Строка в которой произошла ошибка: 2
<=======================>
[2021-07-03 22:36:01] Текст ошибки: Undefined variable $posts | Файл в котором произошла 
        ошибка: D:\OS\OpenServer\domains\MVC\app\views\Main\test.php | Строка в которой произошла ошибка: 2
<=======================>
[2021-07-03 22:36:01] Текст ошибки: Undefined variable $posts | Файл в котором произошла 
        ошибка: D:\OS\OpenServer\domains\MVC\app\views\Main\test.php | Строка в которой произошла ошибка: 2
<=======================>
[2021-07-03 22:36:02] Текст ошибки: Undefined variable $posts | Файл в котором произошла 
        ошибка: D:\OS\OpenServer\domains\MVC\app\views\Main\test.php | Строка в которой произошла ошибка: 2
<=======================>
[2021-07-03 22:36:02] Текст ошибки: Undefined variable $posts | Файл в котором произошла 
        ошибка: D:\OS\OpenServer\domains\MVC\app\views\Main\test.php | Строка в которой произошла ошибка: 2
<=======================>
[2021-07-03 22:36:03] Текст ошибки: Undefined variable $posts | Файл в котором произошла 
        ошибка: D:\OS\OpenServer\domains\MVC\app\views\Main\test.php | Строка в которой произошла ошибка: 2
<=======================>
[2021-07-03 22:36:03] Текст ошибки: Undefined variable $posts | Файл в котором произошла 
        ошибка: D:\OS\OpenServer\domains\MVC\app\views\Main\test.php | Строка в которой произошла ошибка: 2
<=======================>
[2021-07-03 22:36:03] Текст ошибки: Undefined variable $posts | Файл в котором произошла 
        ошибка: D:\OS\OpenServer\domains\MVC\app\views\Main\test.php | Строка в которой произошла ошибка: 2
<=======================>
[2021-07-03 22:36:03] Текст ошибки: Undefined variable $posts | Файл в котором произошла 
        ошибка: D:\OS\OpenServer\domains\MVC\app\views\Main\test.php | Строка в которой произошла ошибка: 2
<=======================>
[2021-07-03 22:36:04] Текст ошибки: Undefined variable $posts | Файл в котором произошла 
        ошибка: D:\OS\OpenServer\domains\MVC\app\views\Main\test.php | Строка в которой произошла ошибка: 2
<=======================>
[2021-07-03 22:36:04] Текст ошибки: Undefined variable $posts | Файл в котором произошла 
        ошибка: D:\OS\OpenServer\domains\MVC\app\views\Main\test.php | Строка в которой произошла ошибка: 2
<=======================>
[2021-07-03 22:36:04] Текст ошибки: Undefined variable $posts | Файл в котором произошла 
        ошибка: D:\OS\OpenServer\domains\MVC\app\views\Main\test.php | Строка в которой произошла ошибка: 2
<=======================>
[2021-07-03 22:36:04] Текст ошибки: Undefined variable $posts | Файл в котором произошла 
        ошибка: D:\OS\OpenServer\domains\MVC\app\views\Main\test.php | Строка в которой произошла ошибка: 2
<=======================>
[2021-07-03 22:37:22] Текст ошибки: Undefined variable $post | Файл в котором произошла 
        ошибка: D:\OS\OpenServer\domains\MVC\app\views\Main\test.php | Строка в которой произошла ошибка: 2
<=======================>
[2021-07-03 22:37:23] Текст ошибки: Undefined variable $post | Файл в котором произошла 
        ошибка: D:\OS\OpenServer\domains\MVC\app\views\Main\test.php | Строка в которой произошла ошибка: 2
<=======================>
[2021-07-03 22:37:23] Текст ошибки: Undefined variable $post | Файл в котором произошла 
        ошибка: D:\OS\OpenServer\domains\MVC\app\views\Main\test.php | Строка в которой произошла ошибка: 2
<=======================>
[2021-07-03 22:37:24] Текст ошибки: Undefined variable $post | Файл в котором произошла 
        ошибка: D:\OS\OpenServer\domains\MVC\app\views\Main\test.php | Строка в которой произошла ошибка: 2
<=======================>
[2021-07-03 22:38:03] Текст ошибки: Undefined variable $post | Файл в котором произошла 
        ошибка: D:\OS\OpenServer\domains\MVC\app\views\Main\test.php | Строка в которой произошла ошибка: 2
<=======================>
